<?xml version="1.0" encoding="UTF-8"?>
<testsuite name="testSuites.Prueba" tests="1" skipped="1" failures="0" errors="0" timestamp="2021-12-03T14:04:06" hostname="LAPTOP-RDHROQHB" time="165.294">
  <properties/>
  <testcase name="pruebaLogin" classname="testSuites.Prueba" time="165.294">
    <skipped/>
  </testcase>
  <system-out><![CDATA[Se despliega correctamente el elemento input usuario, identificador: imUname
Se despliega correctamente el elemento titulo, identificador: imPgTitle
Se despliega correctamente el elemento Titulo pagina, identificador: imPgTitle
Se despliega correctamente el elemento Vista Tabla, identificador: 
Se recupera la fila nro 1, con los siguientes datos: 
382;Prueba_MP_2;mp2@gmail.com;Campo Area 2;12/11/2018;valor 2;seleccion 2;cr 2
Se recupera la fila nro 2, con los siguientes datos: 
383;Prueba_MP_3;mp3@gmail.com;Campo Area 3;13/11/2018;valor 3;selecci;cr 3
Se recupera la fila nro 3, con los siguientes datos: 
469;prueba;email@gmail.com;prueba campo área de texto;09/03/2019;valor 1;selección 1;cr 1
Se recupera la fila nro 4, con los siguientes datos: 
4077;Texto Prueba;mailprueba1@gmail.com;asdasd;11/11/1987;valor 2;selección 3;cr 3
Se recupera la fila nro 5, con los siguientes datos: 
4078;campo texto 111;mailprueba2@gmail.com;asdasdasd;11/10/1988;valor 2;selección 2;cr 2
Se recupera la fila nro 6, con los siguientes datos: 
4142;Prueba;;Prueba;26/06/1994;valor 2;selección 1;
Se recupera la fila nro 7, con los siguientes datos: 
4143;Prueba;;prueba;26/06/1994;valor 2;selección 1;cr 2
Se recupera la fila nro 8, con los siguientes datos: 
4144;Leonardo Venegas;q@q.cl;Esta es una prueba automatizada;30/01/2021;valor 2;selección 3;cr 1
Se recupera la fila nro 9, con los siguientes datos: 
4145;Leonardo Venegas;q@q.cl;Esta es una prueba automatizada;30/01/2021;valor 2;selección 3;cr 1
Se recupera la fila nro 10, con los siguientes datos: 
4189;Daniel San Martin;dsanmartin@gmail.com;Esta es una prueba automatizada;12/05/2000;valor 2;selección 1, selección 3;cr 2
Se despliega correctamente el elemento Vista tabla numero 2, identificador: 
Se recupera la fila nro 1, con los siguientes datos: 
4191;Felipe Lillo;qanova@prueba.cl;Este es un mensaje de prueba;29/12/2008;valor 1;selección 1;cr 2
Se recupera la fila nro 2, con los siguientes datos: 
4192;Felipe Lillo;pruebas@gmail.com;Prueba automatIzada;08/06/1978;valor 3;selección 1, selección 3, selección 2;cr 2
Se recupera la fila nro 3, con los siguientes datos: 
4193;Esperanza Reyes;esperanza@gmail.com;Este es un mensaje de prueba automatizada;09/10/1890;valor 2;selección 1, selección 2;
Se recupera la fila nro 4, con los siguientes datos: 
4195;Juan Mellado;jmellado@qanova.cl;prueba automtizada;25/11/1989;valor 2;selección 3;cr 2
Se recupera la fila nro 5, con los siguientes datos: 
4196;Juan Mellado;juanmellado14@gamil.com;prueba atiomzadas;05/03/1921;valor 2;selección 3;cr 2
Se recupera la fila nro 6, con los siguientes datos: 
4197;Juan Hervas;jhervas@testingqanova.cl;prueba automatizada;19/08/1986;valor 2;selección 3;cr 2
Se recupera la fila nro 7, con los siguientes datos: 
4198;Juan Hervas;juanhervas@gmail.com;prueba automatizada con selenium+java;09/08/1990;valor 2;selección 2;cr 2
Se recupera la fila nro 8, con los siguientes datos: 
4202;soleee;prueba@jj.cl;wdqw;02/03/2021;valor 2;selección 3;cr 3
Se recupera la fila nro 9, con los siguientes datos: 
4204;Leo;leo,@gmail.com;prueba correo;26/06/1994;valor 2;selección 3;cr 2
Se recupera la fila nro 10, con los siguientes datos: 
4207;Liany;mallea@qanova.com;prueba;20/03/21;valor 3;selección 1, selección 2;cr 2
Se despliega correctamente el elemento Vista tabla numero 3, identificador: 
Se recupera la fila nro 1, con los siguientes datos: 
4224;Elvis;ElvisTek@carnes.cl;esto es una prueba;19/03/2021;valor 3;selección 1, selección 2;cr 1
Se recupera la fila nro 2, con los siguientes datos: 
4232;textocampo1;email@deprueba.cl;toodo el texto del campo 3;14/12/2020;;selección 1, selección 3, selección 2;cr 2
Se recupera la fila nro 3, con los siguientes datos: 
4233;textocampo1ty2;email@deprueba.cl;toodo el texto del campo 3;14/12/2020;;selección 1, selección 3, selección 2;cr 2
Se recupera la fila nro 4, con los siguientes datos: 
4234;textocampo1ty3;email@deprueba.cl;toodo el texto del campo 3;14/12/2020;;selección 1, selección 3, selección 2;cr 2
Se recupera la fila nro 5, con los siguientes datos: 
4235;textocampo1ty3;email@deprueba.cl;toodo el texto del campo 3;14/12/2020;;selección 1, selección 3, selección 2;cr 2
Se recupera la fila nro 6, con los siguientes datos: 
4236;textocampo1ty4;email@deprueba.cl;toodo el texto del campo 3;14/12/2020;;selección 1, selección 3, selección 2;cr 2
Se recupera la fila nro 7, con los siguientes datos: 
4237;textocampo1ty5;email@deprueba.cl;toodo el texto del campo 3;14/12/2020;;selección 1, selección 3, selección 2;cr 2
Se recupera la fila nro 8, con los siguientes datos: 
4238;textocampo1ty7;email@deprueba.cl;toodo el texto del campo 3;14/12/2020;;selección 1, selección 3, selección 2;cr 2
Se recupera la fila nro 9, con los siguientes datos: 
4239;Elvis;ElvisTek@carnes.cl;esto es una prueba;19/03/2021;valor 3;selección 1, selección 2;cr 1
Se recupera la fila nro 10, con los siguientes datos: 
4259;textocampo1ty7;email@deprueba.cl;toodo el texto del campo 3;14/12/2020;;selección 1, selección 3, selección 2;cr 2
Se despliega correctamente el elemento Vista tabla numero 4, identificador: 
Se recupera la fila nro 1, con los siguientes datos: 
4260;textocampo1ty7;email@deprueba.cl;toodo el texto del campo 3;14/12/2020;;selección 1, selección 3, selección 2;cr 2
Se recupera la fila nro 2, con los siguientes datos: 
4261;textocampo1ty7;email@deprueba.cl;toodo el texto del campo 3;14/12/2020;;selección 1, selección 3, selección 2;cr 2
Se recupera la fila nro 3, con los siguientes datos: 
4262;textocampo1ty7;email@deprueba.cl;toodo el texto del campo 3;14/12/2020;;selección 1, selección 3, selección 2;cr 2
Se recupera la fila nro 4, con los siguientes datos: 
4264;textocampo1ty7;email@deprueba.cl;toodo el texto del campo 3;14/12/2020;;selección 1, selección 3, selección 2;cr 2
Se recupera la fila nro 5, con los siguientes datos: 
4279;wena;d@gmail.com;prueba 1 de autoamtizacion con uipath;11/04/2000;valor 3;selección 1, selección 3, selección 2;cr 3
Se recupera la fila nro 6, con los siguientes datos: 
4333;Alexander;Prueba@gmail.com;Esto es una prueba;22/10/2015;valor 3;selección 3, selección 2;cr 2
Se recupera la fila nro 7, con los siguientes datos: 
4343;Alexander;Prueba@gmail.com;Esto es una prueba;16/05/2023;valor 3;selección 3, selección 2;cr 2
Conexion a base de datos qanova_demo exitosa
Consulta realizada a la base de datos qanova_demo, query: select * from form where Campo_Texto like '%prueba%' or Campo_Mail like '%prueba%' or Campo_Area_de_Texto like '%prueba%';
Datos recuperados desde la base de datos: [382;Prueba_MP_2;mp2@gmail.com;Campo Area 2;12/11/2018;valor 2;seleccion 2;cr 2, 383;Prueba_MP_3;mp3@gmail.com;Campo Area 3;13/11/2018;valor 3;selecci;cr 3, 469;prueba;email@gmail.com;prueba campo área de texto;09/03/2019;valor 1;selección 1;cr 1, 4077;Texto Prueba;mailprueba1@gmail.com;asdasd;11/11/1987;valor 2;selección 3;cr 3, 4078;campo texto 111;mailprueba2@gmail.com;asdasdasd;11/10/1988;valor 2;selección 2;cr 2, 4142;Prueba;;Prueba;26/06/1994;valor 2;selección 1;, 4143;Prueba;;prueba;26/06/1994;valor 2;selección 1;cr 2, 4144;Leonardo Venegas;q@q.cl;Esta es una prueba automatizada;30/01/2021;valor 2;selección 3;cr 1, 4145;Leonardo Venegas;q@q.cl;Esta es una prueba automatizada;30/01/2021;valor 2;selección 3;cr 1, 4189;Daniel San Martin;dsanmartin@gmail.com;Esta es una prueba automatizada;12/05/2000;valor 2;selección 1, selección 3;cr 2, 4191;Felipe Lillo;qanova@prueba.cl;Este es un mensaje de prueba;29/12/2008;valor 1;selección 1;cr 2, 4192;Felipe Lillo;pruebas@gmail.com;Prueba automatIzada;08/06/1978;valor 3;selección 1, selección 3, selección 2;cr 2, 4193;Esperanza Reyes;esperanza@gmail.com;Este es un mensaje de prueba automatizada;09/10/1890;valor 2;selección 1, selección 2;, 4195;Juan Mellado;jmellado@qanova.cl;prueba automtizada;25/11/1989;valor 2;selección 3;cr 2, 4196;Juan Mellado;juanmellado14@gamil.com;prueba atiomzadas;05/03/1921;valor 2;selección 3;cr 2, 4197;Juan Hervas;jhervas@testingqanova.cl;prueba automatizada;19/08/1986;valor 2;selección 3;cr 2, 4198;Juan Hervas;juanhervas@gmail.com;prueba automatizada con selenium+java;09/08/1990;valor 2;selección 2;cr 2, 4202;soleee;prueba@jj.cl;wdqw;02/03/2021;valor 2;selección 3;cr 3, 4204;Leo;leo,@gmail.com;prueba correo;26/06/1994;valor 2;selección 3;cr 2, 4207;Liany;mallea@qanova.com;prueba;20/03/21;valor 3;selección 1, selección 2;cr 2, 4224;Elvis;ElvisTek@carnes.cl;esto es una prueba;19/03/2021;valor 3;selección 1, selección 2;cr 1, 4232;textocampo1;email@deprueba.cl;toodo el texto del campo 3;14/12/2020;;selección 1, selección 3, selección 2;cr 2, 4233;textocampo1ty2;email@deprueba.cl;toodo el texto del campo 3;14/12/2020;;selección 1, selección 3, selección 2;cr 2, 4234;textocampo1ty3;email@deprueba.cl;toodo el texto del campo 3;14/12/2020;;selección 1, selección 3, selección 2;cr 2, 4235;textocampo1ty3;email@deprueba.cl;toodo el texto del campo 3;14/12/2020;;selección 1, selección 3, selección 2;cr 2, 4236;textocampo1ty4;email@deprueba.cl;toodo el texto del campo 3;14/12/2020;;selección 1, selección 3, selección 2;cr 2, 4237;textocampo1ty5;email@deprueba.cl;toodo el texto del campo 3;14/12/2020;;selección 1, selección 3, selección 2;cr 2, 4238;textocampo1ty7;email@deprueba.cl;toodo el texto del campo 3;14/12/2020;;selección 1, selección 3, selección 2;cr 2, 4239;Elvis;ElvisTek@carnes.cl;esto es una prueba;19/03/2021;valor 3;selección 1, selección 2;cr 1, 4259;textocampo1ty7;email@deprueba.cl;toodo el texto del campo 3;14/12/2020;;selección 1, selección 3, selección 2;cr 2, 4260;textocampo1ty7;email@deprueba.cl;toodo el texto del campo 3;14/12/2020;;selección 1, selección 3, selección 2;cr 2, 4261;textocampo1ty7;email@deprueba.cl;toodo el texto del campo 3;14/12/2020;;selección 1, selección 3, selección 2;cr 2, 4262;textocampo1ty7;email@deprueba.cl;toodo el texto del campo 3;14/12/2020;;selección 1, selección 3, selección 2;cr 2, 4264;textocampo1ty7;email@deprueba.cl;toodo el texto del campo 3;14/12/2020;;selección 1, selección 3, selección 2;cr 2, 4279;wena;d@gmail.com;prueba 1 de autoamtizacion con uipath;11/04/2000;valor 3;selección 1, selección 3, selección 2;cr 3, 4333;Alexander;Prueba@gmail.com;Esto es una prueba;22/10/2015;valor 3;selección 3, selección 2;cr 2, 4343;Alexander;Prueba@gmail.com;Esto es una prueba;16/05/2023;valor 3;selección 3, selección 2;cr 2]
]]></system-out>
  <system-err><![CDATA[]]></system-err>
</testsuite>
