<?xml version="1.0" encoding="UTF-8"?>
<testsuite name="testSuites.Prueba" tests="1" skipped="1" failures="0" errors="0" timestamp="2021-11-18T15:51:07" hostname="LAPTOP-RDHROQHB" time="26.166">
  <properties/>
  <testcase name="pruebaJson" classname="testSuites.Prueba" time="26.166">
    <skipped/>
  </testcase>
  <system-out><![CDATA[]]></system-out>
  <system-err><![CDATA[]]></system-err>
</testsuite>
