<?xml version="1.0" encoding="UTF-8"?>
<testsuite name="testSuites.Prueba" tests="1" skipped="1" failures="0" errors="0" timestamp="2021-11-30T21:11:01" hostname="LAPTOP-RDHROQHB" time="30.288">
  <properties/>
  <testcase name="pruebaLogin" classname="testSuites.Prueba" time="30.288">
    <skipped/>
  </testcase>
  <system-out><![CDATA[Se despliega correctamente el elemento input usuario, identificador: imUname
Se despliega correctamente el elemento titulo, identificador: imPgTitle
Se despliega correctamente el elemento Titulo pagina, identificador: imPgTitle
Conexion a base de datos qanova_demo exitosa
]]></system-out>
  <system-err><![CDATA[]]></system-err>
</testsuite>
